<?xml version="1.0" encoding="UTF-8"?>
<!-- Generated by org.testng.reporters.JUnitReportReporter -->
<testsuite hostname="IMPETUS-I0137" name="rtb.appium.Calculator" tests="1" failures="0" timestamp="23 Dec 2019 06:51:12 GMT" time="37.692" errors="0">
  <testcase name="f" time="37.692" classname="rtb.appium.Calculator"/>
</testsuite> <!-- rtb.appium.Calculator -->
